<?xml version="1.0" encoding="UTF-8"?>
<testng-results skipped="0" failed="0" ignored="0" total="4" passed="4">
  <reporter-output>
    <line>
      <![CDATA[Brower is up and running]]>
    </line>
    <line>
      <![CDATA[validation of Home page is done]]>
    </line>
    <line>
      <![CDATA[general Infomation tab validation done]]>
    </line>
  </reporter-output>
  <suite name="Default suite" duration-ms="33053" started-at="2019-04-25T19:53:59Z" finished-at="2019-04-25T19:54:32Z">
    <groups>
    </groups>
    <test name="Default test" duration-ms="33053" started-at="2019-04-25T19:53:59Z" finished-at="2019-04-25T19:54:32Z">
      <class name="com.orange.CRM.OrangeCrm_Test">
        <test-method status="PASS" signature="beforeClass()[pri:0, instance:com.orange.CRM.OrangeCrm_Test@4c70fda8]" name="beforeClass" is-config="true" duration-ms="8477" started-at="2019-04-25T19:53:59Z" finished-at="2019-04-25T19:54:07Z">
          <reporter-output>
            <line>
              <![CDATA[Brower is up and running]]>
            </line>
          </reporter-output>
        </test-method> <!-- beforeClass -->
        <test-method status="PASS" signature="Tc1_ValidateLogin()[pri:0, instance:com.orange.CRM.OrangeCrm_Test@4c70fda8]" name="Tc1_ValidateLogin" duration-ms="2114" started-at="2019-04-25T19:54:07Z" finished-at="2019-04-25T19:54:09Z">
          <reporter-output>
            <line>
              <![CDATA[validation of Home page is done]]>
            </line>
          </reporter-output>
        </test-method> <!-- Tc1_ValidateLogin -->
        <test-method status="PASS" signature="createAndValidateEmp()[pri:0, instance:com.orange.CRM.OrangeCrm_Test@4c70fda8]" name="createAndValidateEmp" duration-ms="16603" started-at="2019-04-25T19:54:09Z" finished-at="2019-04-25T19:54:26Z">
          <reporter-output>
          </reporter-output>
        </test-method> <!-- createAndValidateEmp -->
        <test-method status="PASS" signature="validateGeneral_Information()[pri:0, instance:com.orange.CRM.OrangeCrm_Test@4c70fda8]" name="validateGeneral_Information" duration-ms="2808" started-at="2019-04-25T19:54:26Z" finished-at="2019-04-25T19:54:29Z">
          <reporter-output>
            <line>
              <![CDATA[general Infomation tab validation done]]>
            </line>
          </reporter-output>
        </test-method> <!-- validateGeneral_Information -->
        <test-method status="PASS" signature="validate_GeneralInformation_Editable()[pri:0, instance:com.orange.CRM.OrangeCrm_Test@4c70fda8]" name="validate_GeneralInformation_Editable" duration-ms="3001" started-at="2019-04-25T19:54:29Z" finished-at="2019-04-25T19:54:32Z">
          <reporter-output>
          </reporter-output>
        </test-method> <!-- validate_GeneralInformation_Editable -->
      </class> <!-- com.orange.CRM.OrangeCrm_Test -->
    </test> <!-- Default test -->
  </suite> <!-- Default suite -->
</testng-results>
